{"name": "test_remark", "status": "broken", "statusDetails": {"message": "selenium.common.exceptions.TimeoutException: Message:", "trace": "self = <test_login.Test001Login object at 0x7f05c5e3e970>\nsetup = <selenium.webdriver.chrome.webdriver.WebDriver (session=\"af7b4b7acc2a1688a6900e15d6ea5aa0\")>\n\n    def test_remark(self,setup):\n        re=Remarks(setup)\n        time.sleep(1)\n>       re.set_details(\" this is test\")\n\ntestCases/test_login.py:255: \n_ _ _ _ _ _ _ _ _ _ _ _ _ _ _ _ _ _ _ _ _ _ _ _ _ _ _ _ _ _ _ _ _ _ _ _ _ _ _ _ _ _ _ _ _ _ _ _ _ _ _ _ _ _ _ _ _ _ _ _ _ _ _ _ _ _ _ _ _ _ _ _ _\npageObjects/ProjectDetailsForm/Remarks.py:21: in set_details\n    utils.write_using_xpath(self.driver,self.text_box_remark_xpath,remark)\nUtils/ComplexElement.py:23: in write_using_xpath\n    element = explicit_wait_present(driver,locator)\nUtils/ComplexElement.py:14: in explicit_wait_present\n    element = wait.until(EC.presence_of_element_located((By.XPATH,locator)))\n_ _ _ _ _ _ _ _ _ _ _ _ _ _ _ _ _ _ _ _ _ _ _ _ _ _ _ _ _ _ _ _ _ _ _ _ _ _ _ _ _ _ _ _ _ _ _ _ _ _ _ _ _ _ _ _ _ _ _ _ _ _ _ _ _ _ _ _ _ _ _ _ _\n\nself = <selenium.webdriver.support.wait.WebDriverWait (session=\"af7b4b7acc2a1688a6900e15d6ea5aa0\")>\nmethod = <selenium.webdriver.support.expected_conditions.presence_of_element_located object at 0x7f05c5fcee20>, message = ''\n\n    def until(self, method, message=''):\n        \"\"\"Calls the method provided with the driver as an argument until the \\\n        return value is not False.\"\"\"\n        screen = None\n        stacktrace = None\n    \n        end_time = time.time() + self._timeout\n        while True:\n            try:\n                value = method(self._driver)\n                if value:\n                    return value\n            except self._ignored_exceptions as exc:\n                screen = getattr(exc, 'screen', None)\n                stacktrace = getattr(exc, 'stacktrace', None)\n            time.sleep(self._poll)\n            if time.time() > end_time:\n                break\n>       raise TimeoutException(message, screen, stacktrace)\nE       selenium.common.exceptions.TimeoutException: Message:\n\n../../../.local/lib/python3.8/site-packages/selenium/webdriver/support/wait.py:80: TimeoutException"}, "start": 1629202919648, "stop": 1629202930790, "uuid": "d52976c9-4e52-4545-98cd-68d8a2078383", "historyId": "e5dc9bfbd36d92eb28759900cf40ba6f", "testCaseId": "ef3f57baf5b0fddc4c422828f23c27ae", "fullName": "testCases.test_login.Test001Login#test_remark", "labels": [{"name": "parentSuite", "value": "testCases"}, {"name": "suite", "value": "test_login"}, {"name": "subSuite", "value": "Test001Login"}, {"name": "host", "value": "bipin-Nitro-AN515-54"}, {"name": "thread", "value": "79730-MainThread"}, {"name": "framework", "value": "pytest"}, {"name": "language", "value": "cpython3"}, {"name": "package", "value": "testCases.test_login"}]}