{"name": "test_edit_project_specific", "status": "broken", "statusDetails": {"message": "selenium.common.exceptions.TimeoutException: Message:", "trace": "self = <test_login.Test001Login object at 0x7fdf1f32e700>\nsetup = <selenium.webdriver.chrome.webdriver.WebDriver (session=\"cc5b54dbe29f546ad2300c0b66d7c0f9\")>\n\n    def test_edit_project_specific(self,setup):\n        self.driver = setup\n>       ps = ProjectSpecific(self.driver)\n\ntestCases/test_login.py:102: \n_ _ _ _ _ _ _ _ _ _ _ _ _ _ _ _ _ _ _ _ _ _ _ _ _ _ _ _ _ _ _ _ _ _ _ _ _ _ _ _ _ _ _ _ _ _ _ _ _ _ _ _ _ _ _ _ _ _ _ _ _ _ _ _ _ _ _ _ _ _ _ _ _\npageObjects/ProjectDetailsForm/ProjectSpecific.py:48: in __init__\n    self.goto()\npageObjects/ProjectDetailsForm/ProjectSpecific.py:51: in goto\n    link = util.explicit_wait_present(self.driver,self.project_specific_xpath)\nUtils/ComplexElement.py:14: in explicit_wait_present\n    element = wait.until(EC.presence_of_element_located((By.XPATH,locator)))\n_ _ _ _ _ _ _ _ _ _ _ _ _ _ _ _ _ _ _ _ _ _ _ _ _ _ _ _ _ _ _ _ _ _ _ _ _ _ _ _ _ _ _ _ _ _ _ _ _ _ _ _ _ _ _ _ _ _ _ _ _ _ _ _ _ _ _ _ _ _ _ _ _\n\nself = <selenium.webdriver.support.wait.WebDriverWait (session=\"cc5b54dbe29f546ad2300c0b66d7c0f9\")>\nmethod = <selenium.webdriver.support.expected_conditions.presence_of_element_located object at 0x7fdf1f32e9a0>, message = ''\n\n    def until(self, method, message=''):\n        \"\"\"Calls the method provided with the driver as an argument until the \\\n        return value is not False.\"\"\"\n        screen = None\n        stacktrace = None\n    \n        end_time = time.time() + self._timeout\n        while True:\n            try:\n                value = method(self._driver)\n                if value:\n                    return value\n            except self._ignored_exceptions as exc:\n                screen = getattr(exc, 'screen', None)\n                stacktrace = getattr(exc, 'stacktrace', None)\n            time.sleep(self._poll)\n            if time.time() > end_time:\n                break\n>       raise TimeoutException(message, screen, stacktrace)\nE       selenium.common.exceptions.TimeoutException: Message:\n\n../../../.local/lib/python3.8/site-packages/selenium/webdriver/support/wait.py:80: TimeoutException"}, "start": 1629274831381, "stop": 1629274841914, "uuid": "1841aa8b-f4de-436a-871b-de7fbac70188", "historyId": "5ffccd111238a08335f44d8b895081a7", "testCaseId": "3cdcb4da2942fb9672eae35127882ebc", "fullName": "testCases.test_login.Test001Login#test_edit_project_specific", "labels": [{"name": "parentSuite", "value": "testCases"}, {"name": "suite", "value": "test_login"}, {"name": "subSuite", "value": "Test001Login"}, {"name": "host", "value": "bipin-Nitro-AN515-54"}, {"name": "thread", "value": "83057-MainThread"}, {"name": "framework", "value": "pytest"}, {"name": "language", "value": "cpython3"}, {"name": "package", "value": "testCases.test_login"}]}