{"name": "test_edit_project_selection", "status": "broken", "statusDetails": {"message": "selenium.common.exceptions.TimeoutException: Message:", "trace": "self = <test_login.Test001Login object at 0x7fc0377e7fd0>\nsetup = <selenium.webdriver.chrome.webdriver.WebDriver (session=\"73e5ac943057732692e1f293b3dc2bb5\")>\n\n    def test_edit_project_selection(self,setup):\n        ps = ProjectSelection(setup)\n        time.sleep(1)\n>       ps.set_brief_description(\"this is brief\",\"/home/bipin/Downloads/sample.pdf\")\n\ntestCases/test_login.py:172: \n_ _ _ _ _ _ _ _ _ _ _ _ _ _ _ _ _ _ _ _ _ _ _ _ _ _ _ _ _ _ _ _ _ _ _ _ _ _ _ _ _ _ _ _ _ _ _ _ _ _ _ _ _ _ _ _ _ _ _ _ _ _ _ _ _ _ _ _ _ _ _ _ _\npageObjects/ProjectDetailsForm/ProjectSelection.py:82: in set_brief_description\n    utils.write_using_xpath(self.driver,self.textbox_brief_description_xpath,desc)\nUtils/ComplexElement.py:23: in write_using_xpath\n    element = explicit_wait_present(driver,locator)\nUtils/ComplexElement.py:14: in explicit_wait_present\n    element = wait.until(EC.presence_of_element_located((By.XPATH,locator)))\n_ _ _ _ _ _ _ _ _ _ _ _ _ _ _ _ _ _ _ _ _ _ _ _ _ _ _ _ _ _ _ _ _ _ _ _ _ _ _ _ _ _ _ _ _ _ _ _ _ _ _ _ _ _ _ _ _ _ _ _ _ _ _ _ _ _ _ _ _ _ _ _ _\n\nself = <selenium.webdriver.support.wait.WebDriverWait (session=\"73e5ac943057732692e1f293b3dc2bb5\")>\nmethod = <selenium.webdriver.support.expected_conditions.presence_of_element_located object at 0x7fc0377e7850>, message = ''\n\n    def until(self, method, message=''):\n        \"\"\"Calls the method provided with the driver as an argument until the \\\n        return value is not False.\"\"\"\n        screen = None\n        stacktrace = None\n    \n        end_time = time.time() + self._timeout\n        while True:\n            try:\n                value = method(self._driver)\n                if value:\n                    return value\n            except self._ignored_exceptions as exc:\n                screen = getattr(exc, 'screen', None)\n                stacktrace = getattr(exc, 'stacktrace', None)\n            time.sleep(self._poll)\n            if time.time() > end_time:\n                break\n>       raise TimeoutException(message, screen, stacktrace)\nE       selenium.common.exceptions.TimeoutException: Message:\n\n../../../.local/lib/python3.8/site-packages/selenium/webdriver/support/wait.py:80: TimeoutException"}, "start": 1629202502444, "stop": 1629202513593, "uuid": "dbe8a7ae-c0da-41ef-90d9-9f393e84412d", "historyId": "349db4be1e361aae5c95d35a123d3b42", "testCaseId": "69855705250fd45d82ab4b05e87ddd22", "fullName": "testCases.test_login.Test001Login#test_edit_project_selection", "labels": [{"name": "parentSuite", "value": "testCases"}, {"name": "suite", "value": "test_login"}, {"name": "subSuite", "value": "Test001Login"}, {"name": "host", "value": "bipin-Nitro-AN515-54"}, {"name": "thread", "value": "77342-MainThread"}, {"name": "framework", "value": "pytest"}, {"name": "language", "value": "cpython3"}, {"name": "package", "value": "testCases.test_login"}]}