{"name": "test_click_edit", "status": "broken", "statusDetails": {"message": "selenium.common.exceptions.TimeoutException: Message:", "trace": "self = <test_login.Test001Login object at 0x7fbbcb35a520>, setup = <selenium.webdriver.chrome.webdriver.WebDriver (session=\"6ea91600988e45318f38d857686f49bc\")>\n\n    def test_click_edit(self,setup):\n        self.driver =setup\n        details = ProjectDetails(self.driver)\n>       details.click_edit()\n\ntestCases/test_login.py:68: \n_ _ _ _ _ _ _ _ _ _ _ _ _ _ _ _ _ _ _ _ _ _ _ _ _ _ _ _ _ _ _ _ _ _ _ _ _ _ _ _ _ _ _ _ _ _ _ _ _ _ _ _ _ _ _ _ _ _ _ _ _ _ _ _ _ _ _ _ _ _ _ _ _ _ _ _ _ _ _ _ _ _ _ _ _ _ _ _\npageObjects/ProjectDetails.py:14: in click_edit\n    edit_btn =  wait.until(EC.presence_of_element_located((By.XPATH,self.btn_edit_xpath)))\n_ _ _ _ _ _ _ _ _ _ _ _ _ _ _ _ _ _ _ _ _ _ _ _ _ _ _ _ _ _ _ _ _ _ _ _ _ _ _ _ _ _ _ _ _ _ _ _ _ _ _ _ _ _ _ _ _ _ _ _ _ _ _ _ _ _ _ _ _ _ _ _ _ _ _ _ _ _ _ _ _ _ _ _ _ _ _ _\n\nself = <selenium.webdriver.support.wait.WebDriverWait (session=\"6ea91600988e45318f38d857686f49bc\")>\nmethod = <selenium.webdriver.support.expected_conditions.presence_of_element_located object at 0x7fbbcb35aee0>, message = ''\n\n    def until(self, method, message=''):\n        \"\"\"Calls the method provided with the driver as an argument until the \\\n        return value is not False.\"\"\"\n        screen = None\n        stacktrace = None\n    \n        end_time = time.time() + self._timeout\n        while True:\n            try:\n                value = method(self._driver)\n                if value:\n                    return value\n            except self._ignored_exceptions as exc:\n                screen = getattr(exc, 'screen', None)\n                stacktrace = getattr(exc, 'stacktrace', None)\n            time.sleep(self._poll)\n            if time.time() > end_time:\n                break\n>       raise TimeoutException(message, screen, stacktrace)\nE       selenium.common.exceptions.TimeoutException: Message:\n\n../../../.local/lib/python3.8/site-packages/selenium/webdriver/support/wait.py:80: TimeoutException"}, "start": 1628068340938, "stop": 1628068351437, "uuid": "09c88995-c621-47c0-bac6-57daebb1af2b", "historyId": "07bd4c2ccd8274b328383c03494edada", "testCaseId": "1cca5090b93f0bff734d06d29a734209", "fullName": "testCases.test_login.Test001Login#test_click_edit", "labels": [{"name": "parentSuite", "value": "testCases"}, {"name": "suite", "value": "test_login"}, {"name": "subSuite", "value": "Test001Login"}, {"name": "host", "value": "bipin-Nitro-AN515-54"}, {"name": "thread", "value": "47344-MainThread"}, {"name": "framework", "value": "pytest"}, {"name": "language", "value": "cpython3"}, {"name": "package", "value": "testCases.test_login"}]}