{"name": "test_edit_phy_finan_progress", "status": "broken", "statusDetails": {"message": "selenium.common.exceptions.TimeoutException: Message:", "trace": "self = <test_login.Test001Login object at 0x7fe3834ddf40>\nsetup = <selenium.webdriver.chrome.webdriver.WebDriver (session=\"666365245261001d53d9c513a901a35e\")>\n\n    def test_edit_phy_finan_progress(self,setup):\n        self.driver =  setup\n>       pfp = PhysicalProgress(self.driver)\n\ntestCases/test_login.py:118: \n_ _ _ _ _ _ _ _ _ _ _ _ _ _ _ _ _ _ _ _ _ _ _ _ _ _ _ _ _ _ _ _ _ _ _ _ _ _ _ _ _ _ _ _ _ _ _ _ _ _ _ _ _ _ _ _ _ _ _ _ _ _ _ _ _ _ _ _ _ _ _ _ _\npageObjects/ProjectDetailsForm/PhysicalProgress.py:57: in __init__\n    self.goto()\npageObjects/ProjectDetailsForm/PhysicalProgress.py:60: in goto\n    link = util.explicit_wait_present(self.driver,self.physical_financial_progress_xpath)\nUtils/ComplexElement.py:14: in explicit_wait_present\n    element = wait.until(EC.presence_of_element_located((By.XPATH,locator)))\n_ _ _ _ _ _ _ _ _ _ _ _ _ _ _ _ _ _ _ _ _ _ _ _ _ _ _ _ _ _ _ _ _ _ _ _ _ _ _ _ _ _ _ _ _ _ _ _ _ _ _ _ _ _ _ _ _ _ _ _ _ _ _ _ _ _ _ _ _ _ _ _ _\n\nself = <selenium.webdriver.support.wait.WebDriverWait (session=\"666365245261001d53d9c513a901a35e\")>\nmethod = <selenium.webdriver.support.expected_conditions.presence_of_element_located object at 0x7fe3834dd4c0>, message = ''\n\n    def until(self, method, message=''):\n        \"\"\"Calls the method provided with the driver as an argument until the \\\n        return value is not False.\"\"\"\n        screen = None\n        stacktrace = None\n    \n        end_time = time.time() + self._timeout\n        while True:\n            try:\n                value = method(self._driver)\n                if value:\n                    return value\n            except self._ignored_exceptions as exc:\n                screen = getattr(exc, 'screen', None)\n                stacktrace = getattr(exc, 'stacktrace', None)\n            time.sleep(self._poll)\n            if time.time() > end_time:\n                break\n>       raise TimeoutException(message, screen, stacktrace)\nE       selenium.common.exceptions.TimeoutException: Message:\n\n../../../.local/lib/python3.8/site-packages/selenium/webdriver/support/wait.py:80: TimeoutException"}, "start": 1629274723060, "stop": 1629274733585, "uuid": "82cbef9d-a64f-4782-a068-4f3f0fb7cda2", "historyId": "cf743d754395d1ec0c5620f6fd7b5c70", "testCaseId": "0d4ae7959720dc927df9ba2cc960263c", "fullName": "testCases.test_login.Test001Login#test_edit_phy_finan_progress", "labels": [{"name": "parentSuite", "value": "testCases"}, {"name": "suite", "value": "test_login"}, {"name": "subSuite", "value": "Test001Login"}, {"name": "host", "value": "bipin-Nitro-AN515-54"}, {"name": "thread", "value": "81834-MainThread"}, {"name": "framework", "value": "pytest"}, {"name": "language", "value": "cpython3"}, {"name": "package", "value": "testCases.test_login"}]}