{"name": "test_edit_project_viability", "status": "broken", "statusDetails": {"message": "selenium.common.exceptions.TimeoutException: Message:", "trace": "self = <test_login.Test001Login object at 0x7f4bac9fb4f0>\nsetup = <selenium.webdriver.chrome.webdriver.WebDriver (session=\"8bffdd767bfe210d47bd4fe6d84ccdcc\")>\n\n    def test_edit_project_viability(self,setup):\n        pv = ProjectViability(setup)\n        time.sleep(1)\n>       pv.set_economic_indicators(\"50\",\"45\",\"57\",\"45\")\n\ntestCases/test_login.py:226: \n_ _ _ _ _ _ _ _ _ _ _ _ _ _ _ _ _ _ _ _ _ _ _ _ _ _ _ _ _ _ _ _ _ _ _ _ _ _ _ _ _ _ _ _ _ _ _ _ _ _ _ _ _ _ _ _ _ _ _ _ _ _ _ _ _ _ _ _ _ _ _ _ _\npageObjects/ProjectDetailsForm/ProjectViability.py:41: in set_economic_indicators\n    utils.write_using_xpath(self.driver,self.input_eirr_xpath,rate_of_return)\nUtils/ComplexElement.py:23: in write_using_xpath\n    element = explicit_wait_present(driver,locator)\nUtils/ComplexElement.py:14: in explicit_wait_present\n    element = wait.until(EC.presence_of_element_located((By.XPATH,locator)))\n_ _ _ _ _ _ _ _ _ _ _ _ _ _ _ _ _ _ _ _ _ _ _ _ _ _ _ _ _ _ _ _ _ _ _ _ _ _ _ _ _ _ _ _ _ _ _ _ _ _ _ _ _ _ _ _ _ _ _ _ _ _ _ _ _ _ _ _ _ _ _ _ _\n\nself = <selenium.webdriver.support.wait.WebDriverWait (session=\"8bffdd767bfe210d47bd4fe6d84ccdcc\")>\nmethod = <selenium.webdriver.support.expected_conditions.presence_of_element_located object at 0x7f4bac9fb130>, message = ''\n\n    def until(self, method, message=''):\n        \"\"\"Calls the method provided with the driver as an argument until the \\\n        return value is not False.\"\"\"\n        screen = None\n        stacktrace = None\n    \n        end_time = time.time() + self._timeout\n        while True:\n            try:\n                value = method(self._driver)\n                if value:\n                    return value\n            except self._ignored_exceptions as exc:\n                screen = getattr(exc, 'screen', None)\n                stacktrace = getattr(exc, 'stacktrace', None)\n            time.sleep(self._poll)\n            if time.time() > end_time:\n                break\n>       raise TimeoutException(message, screen, stacktrace)\nE       selenium.common.exceptions.TimeoutException: Message:\n\n../../../.local/lib/python3.8/site-packages/selenium/webdriver/support/wait.py:80: TimeoutException"}, "start": 1629201917349, "stop": 1629201928432, "uuid": "3fe4b07b-a186-40e3-add2-ee11d2ebdb25", "historyId": "e946cef0cd7eb06685d58eb51921c908", "testCaseId": "e8ad367d86e1b1f64fa411138c58fe7b", "fullName": "testCases.test_login.Test001Login#test_edit_project_viability", "labels": [{"name": "parentSuite", "value": "testCases"}, {"name": "suite", "value": "test_login"}, {"name": "subSuite", "value": "Test001Login"}, {"name": "host", "value": "bipin-Nitro-AN515-54"}, {"name": "thread", "value": "74294-MainThread"}, {"name": "framework", "value": "pytest"}, {"name": "language", "value": "cpython3"}, {"name": "package", "value": "testCases.test_login"}]}