{"name": "test_edit_project_selection", "status": "broken", "statusDetails": {"message": "selenium.common.exceptions.TimeoutException: Message:", "trace": "self = <test_login.Test001Login object at 0x7f5ff24852e0>\nsetup = <selenium.webdriver.chrome.webdriver.WebDriver (session=\"a849c654cf8678ad6b53c5ae58824ddf\")>\n\n    def test_edit_project_selection(self,setup):\n        ps = ProjectSelection(setup)\n        time.sleep(2)\n        ps.set_brief_description(\"this is brief\",\"/home/bipin/Downloads/sample.pdf\")\n        ps.is_part_of_master_plan(\"yes\")\n        ps.set_approval_details(\"/home/bipin/Downloads/sample.pdf\",isapproved=\"Yes\",name=\"test\",date = \"08/12/2021\")\n        ps.set_national_goal(\"this is national goals\",\"/home/bipin/Downloads/sample.pdf\")\n        ps.set_project_goal(\"this is project goals\",\"/home/bipin/Downloads/sample.pdf\")\n>       ps.set_targeted_benificiaries(direct=\"direct one\",indirect=\"indirefct\",benificiaries=\"this is benific\")\n\ntestCases/test_login.py:171: \n_ _ _ _ _ _ _ _ _ _ _ _ _ _ _ _ _ _ _ _ _ _ _ _ _ _ _ _ _ _ _ _ _ _ _ _ _ _ _ _ _ _ _ _ _ _ _ _ _ _ _ _ _ _ _ _ _ _ _ _ _ _ _ _ _ _ _ _ _ _ _ _ _\npageObjects/ProjectDetailsForm/ProjectSelection.py:126: in set_targeted_benificiaries\n    utils.write_using_xpath(self.driver,self.textbox_benificiaries_xpath,benificiaries)\nUtils/ComplexElement.py:31: in write_using_xpath\n    element = explicit_wait_present(driver,locator)\nUtils/ComplexElement.py:22: in explicit_wait_present\n    element = wait.until(EC.presence_of_element_located((By.XPATH,locator)))\n_ _ _ _ _ _ _ _ _ _ _ _ _ _ _ _ _ _ _ _ _ _ _ _ _ _ _ _ _ _ _ _ _ _ _ _ _ _ _ _ _ _ _ _ _ _ _ _ _ _ _ _ _ _ _ _ _ _ _ _ _ _ _ _ _ _ _ _ _ _ _ _ _\n\nself = <selenium.webdriver.support.wait.WebDriverWait (session=\"a849c654cf8678ad6b53c5ae58824ddf\")>\nmethod = <selenium.webdriver.support.expected_conditions.presence_of_element_located object at 0x7f5ff2542a00>, message = ''\n\n    def until(self, method, message=''):\n        \"\"\"Calls the method provided with the driver as an argument until the \\\n        return value is not False.\"\"\"\n        screen = None\n        stacktrace = None\n    \n        end_time = time.time() + self._timeout\n        while True:\n            try:\n                value = method(self._driver)\n                if value:\n                    return value\n            except self._ignored_exceptions as exc:\n                screen = getattr(exc, 'screen', None)\n                stacktrace = getattr(exc, 'stacktrace', None)\n            time.sleep(self._poll)\n            if time.time() > end_time:\n                break\n>       raise TimeoutException(message, screen, stacktrace)\nE       selenium.common.exceptions.TimeoutException: Message:\n\n../../../.local/lib/python3.8/site-packages/selenium/webdriver/support/wait.py:80: TimeoutException"}, "start": 1628751794235, "stop": 1628751810851, "uuid": "62800468-e238-433b-8e4b-9015fe453452", "historyId": "349db4be1e361aae5c95d35a123d3b42", "testCaseId": "69855705250fd45d82ab4b05e87ddd22", "fullName": "testCases.test_login.Test001Login#test_edit_project_selection", "labels": [{"name": "parentSuite", "value": "testCases"}, {"name": "suite", "value": "test_login"}, {"name": "subSuite", "value": "Test001Login"}, {"name": "host", "value": "bipin-Nitro-AN515-54"}, {"name": "thread", "value": "32139-MainThread"}, {"name": "framework", "value": "pytest"}, {"name": "language", "value": "cpython3"}, {"name": "package", "value": "testCases.test_login"}]}