{"name": "test_edit_project_selection", "status": "broken", "statusDetails": {"message": "selenium.common.exceptions.TimeoutException: Message:", "trace": "self = <test_login.Test001Login object at 0x7f86e7719a30>\nsetup = <selenium.webdriver.chrome.webdriver.WebDriver (session=\"2b17f5a295f11e436dd337f7793a97cd\")>\n\n    def test_edit_project_selection(self,setup):\n        ps = ProjectSelection(setup)\n        time.sleep(1)\n        ps.set_brief_description(\"this is brief\",\"/home/bipin/Downloads/sample.pdf\")\n>       ps.is_part_of_master_plan(\"yes\")\n\ntestCases/test_login.py:167: \n_ _ _ _ _ _ _ _ _ _ _ _ _ _ _ _ _ _ _ _ _ _ _ _ _ _ _ _ _ _ _ _ _ _ _ _ _ _ _ _ _ _ _ _ _ _ _ _ _ _ _ _ _ _ _ _ _ _ _ _ _ _ _ _ _ _ _ _ _ _ _ _ _\npageObjects/ProjectDetailsForm/ProjectSelection.py:90: in set_approval_details\n    file = utils.explicit_wait_present(self.driver,self.file_master_plan_xpath)\nUtils/ComplexElement.py:22: in explicit_wait_present\n    element = wait.until(EC.presence_of_element_located((By.XPATH,locator)))\n_ _ _ _ _ _ _ _ _ _ _ _ _ _ _ _ _ _ _ _ _ _ _ _ _ _ _ _ _ _ _ _ _ _ _ _ _ _ _ _ _ _ _ _ _ _ _ _ _ _ _ _ _ _ _ _ _ _ _ _ _ _ _ _ _ _ _ _ _ _ _ _ _\n\nself = <selenium.webdriver.support.wait.WebDriverWait (session=\"2b17f5a295f11e436dd337f7793a97cd\")>\nmethod = <selenium.webdriver.support.expected_conditions.presence_of_element_located object at 0x7f86e7719160>, message = ''\n\n    def until(self, method, message=''):\n        \"\"\"Calls the method provided with the driver as an argument until the \\\n        return value is not False.\"\"\"\n        screen = None\n        stacktrace = None\n    \n        end_time = time.time() + self._timeout\n        while True:\n            try:\n                value = method(self._driver)\n                if value:\n                    return value\n            except self._ignored_exceptions as exc:\n                screen = getattr(exc, 'screen', None)\n                stacktrace = getattr(exc, 'stacktrace', None)\n            time.sleep(self._poll)\n            if time.time() > end_time:\n                break\n>       raise TimeoutException(message, screen, stacktrace)\nE       selenium.common.exceptions.TimeoutException: Message:\n\n../../../.local/lib/python3.8/site-packages/selenium/webdriver/support/wait.py:80: TimeoutException"}, "start": 1628752032252, "stop": 1628752044458, "uuid": "420940dc-678d-42ea-a0bf-54a5e3114150", "historyId": "349db4be1e361aae5c95d35a123d3b42", "testCaseId": "69855705250fd45d82ab4b05e87ddd22", "fullName": "testCases.test_login.Test001Login#test_edit_project_selection", "labels": [{"name": "parentSuite", "value": "testCases"}, {"name": "suite", "value": "test_login"}, {"name": "subSuite", "value": "Test001Login"}, {"name": "host", "value": "bipin-Nitro-AN515-54"}, {"name": "thread", "value": "33295-MainThread"}, {"name": "framework", "value": "pytest"}, {"name": "language", "value": "cpython3"}, {"name": "package", "value": "testCases.test_login"}]}