{"name": "test_contact", "status": "broken", "statusDetails": {"message": "selenium.common.exceptions.TimeoutException: Message:", "trace": "self = <test_login.Test001Login object at 0x7f4baca0c340>\nsetup = <selenium.webdriver.chrome.webdriver.WebDriver (session=\"8bffdd767bfe210d47bd4fe6d84ccdcc\")>\n\n    def test_contact(self,setup):\n        co = Contact(setup)\n        time.sleep(1)\n>       co.set_details(\"test\",\"test\",\"9841563214\",\"test@gmail.com\")\n\ntestCases/test_login.py:248: \n_ _ _ _ _ _ _ _ _ _ _ _ _ _ _ _ _ _ _ _ _ _ _ _ _ _ _ _ _ _ _ _ _ _ _ _ _ _ _ _ _ _ _ _ _ _ _ _ _ _ _ _ _ _ _ _ _ _ _ _ _ _ _ _ _ _ _ _ _ _ _ _ _\npageObjects/ProjectDetailsForm/Contact.py:29: in set_details\n    def set_details(self,name,designation,number,email):\nUtils/ComplexElement.py:23: in write_using_xpath\n    element = explicit_wait_present(driver,locator)\nUtils/ComplexElement.py:14: in explicit_wait_present\n    element = wait.until(EC.presence_of_element_located((By.XPATH,locator)))\n_ _ _ _ _ _ _ _ _ _ _ _ _ _ _ _ _ _ _ _ _ _ _ _ _ _ _ _ _ _ _ _ _ _ _ _ _ _ _ _ _ _ _ _ _ _ _ _ _ _ _ _ _ _ _ _ _ _ _ _ _ _ _ _ _ _ _ _ _ _ _ _ _\n\nself = <selenium.webdriver.support.wait.WebDriverWait (session=\"8bffdd767bfe210d47bd4fe6d84ccdcc\")>\nmethod = <selenium.webdriver.support.expected_conditions.presence_of_element_located object at 0x7f4bac90dc40>, message = ''\n\n    def until(self, method, message=''):\n        \"\"\"Calls the method provided with the driver as an argument until the \\\n        return value is not False.\"\"\"\n        screen = None\n        stacktrace = None\n    \n        end_time = time.time() + self._timeout\n        while True:\n            try:\n                value = method(self._driver)\n                if value:\n                    return value\n            except self._ignored_exceptions as exc:\n                screen = getattr(exc, 'screen', None)\n                stacktrace = getattr(exc, 'stacktrace', None)\n            time.sleep(self._poll)\n            if time.time() > end_time:\n                break\n>       raise TimeoutException(message, screen, stacktrace)\nE       selenium.common.exceptions.TimeoutException: Message:\n\n../../../.local/lib/python3.8/site-packages/selenium/webdriver/support/wait.py:80: TimeoutException"}, "start": 1629201941006, "stop": 1629201952503, "uuid": "3c3194e0-a196-46b1-90b0-1ba3cc55a0ce", "historyId": "d2ef3188f225179002b53a9d65f2ce10", "testCaseId": "a088fd2763a36917aa78893f5f7d46fb", "fullName": "testCases.test_login.Test001Login#test_contact", "labels": [{"name": "parentSuite", "value": "testCases"}, {"name": "suite", "value": "test_login"}, {"name": "subSuite", "value": "Test001Login"}, {"name": "host", "value": "bipin-Nitro-AN515-54"}, {"name": "thread", "value": "74294-MainThread"}, {"name": "framework", "value": "pytest"}, {"name": "language", "value": "cpython3"}, {"name": "package", "value": "testCases.test_login"}]}