{"name": "test_open_project", "status": "broken", "statusDetails": {"message": "selenium.common.exceptions.TimeoutException: Message:", "trace": "self = <test_login.Test001Login object at 0x7f4e37948190>\nsetup = <selenium.webdriver.chrome.webdriver.WebDriver (session=\"f980ada4b5757c3a29f46948d4a65cb7\")>\n\n    def test_open_project(self,setup):\n        self.driver = setup\n        dasb = Dashboard(self.driver)\n>       dasb.click_project(\"testing\")\n\ntestCases/test_login.py:67: \n_ _ _ _ _ _ _ _ _ _ _ _ _ _ _ _ _ _ _ _ _ _ _ _ _ _ _ _ _ _ _ _ _ _ _ _ _ _ _ _ _ _ _ _ _ _ _ _ _ _ _ _ _ _ _ _ _ _ _ _ _ _ _ _ _ _ _ _ _ _ _ _ _\npageObjects/Dashboard.py:22: in click_project\n    element =  wait.until(EC.element_to_be_clickable((By.XPATH,self.list_project_xpath + project_name + \"']/../..\")))\n_ _ _ _ _ _ _ _ _ _ _ _ _ _ _ _ _ _ _ _ _ _ _ _ _ _ _ _ _ _ _ _ _ _ _ _ _ _ _ _ _ _ _ _ _ _ _ _ _ _ _ _ _ _ _ _ _ _ _ _ _ _ _ _ _ _ _ _ _ _ _ _ _\n\nself = <selenium.webdriver.support.wait.WebDriverWait (session=\"f980ada4b5757c3a29f46948d4a65cb7\")>\nmethod = <selenium.webdriver.support.expected_conditions.element_to_be_clickable object at 0x7f4e37ad8850>, message = ''\n\n    def until(self, method, message=''):\n        \"\"\"Calls the method provided with the driver as an argument until the \\\n        return value is not False.\"\"\"\n        screen = None\n        stacktrace = None\n    \n        end_time = time.time() + self._timeout\n        while True:\n            try:\n                value = method(self._driver)\n                if value:\n                    return value\n            except self._ignored_exceptions as exc:\n                screen = getattr(exc, 'screen', None)\n                stacktrace = getattr(exc, 'stacktrace', None)\n            time.sleep(self._poll)\n            if time.time() > end_time:\n                break\n>       raise TimeoutException(message, screen, stacktrace)\nE       selenium.common.exceptions.TimeoutException: Message:\n\n../../../.local/lib/python3.8/site-packages/selenium/webdriver/support/wait.py:80: TimeoutException"}, "start": 1628736799298, "stop": 1628736809982, "uuid": "c6eaa106-cdcb-4d4d-abf6-2d3cc4afb849", "historyId": "2ea0387c49eaa63c0f7cf75930971b01", "testCaseId": "5ed3e5f31f7fd0ac59e363795d61b0bf", "fullName": "testCases.test_login.Test001Login#test_open_project", "labels": [{"name": "parentSuite", "value": "testCases"}, {"name": "suite", "value": "test_login"}, {"name": "subSuite", "value": "Test001Login"}, {"name": "host", "value": "bipin-Nitro-AN515-54"}, {"name": "thread", "value": "7906-MainThread"}, {"name": "framework", "value": "pytest"}, {"name": "language", "value": "cpython3"}, {"name": "package", "value": "testCases.test_login"}]}