{"name": "test_moderation", "status": "broken", "statusDetails": {"message": "selenium.common.exceptions.TimeoutException: Message:", "trace": "self = <test_login.Test001Login object at 0x7f4baca87f70>\nsetup = <selenium.webdriver.chrome.webdriver.WebDriver (session=\"8bffdd767bfe210d47bd4fe6d84ccdcc\")>\n\n    def test_moderation(self,setup):\n        mod = ProjectModeration(setup)\n>       mod.set_moderation_type(\"Send to verification\")\n\ntestCases/test_login.py:260: \n_ _ _ _ _ _ _ _ _ _ _ _ _ _ _ _ _ _ _ _ _ _ _ _ _ _ _ _ _ _ _ _ _ _ _ _ _ _ _ _ _ _ _ _ _ _ _ _ _ _ _ _ _ _ _ _ _ _ _ _ _ _ _ _ _ _ _ _ _ _ _ _ _\npageObjects/ProjectDetailsForm/ProjectModeration.py:26: in set_moderation_type\n    utils.handle_dropdown(self.driver,self.drop_down_moderation_type_xpath,self.options_moderation_type_xpath,type)\nUtils/ComplexElement.py:43: in handle_dropdown\n    drop = explicit_wait_present(driver,drop_down_xpath)\nUtils/ComplexElement.py:14: in explicit_wait_present\n    element = wait.until(EC.presence_of_element_located((By.XPATH,locator)))\n_ _ _ _ _ _ _ _ _ _ _ _ _ _ _ _ _ _ _ _ _ _ _ _ _ _ _ _ _ _ _ _ _ _ _ _ _ _ _ _ _ _ _ _ _ _ _ _ _ _ _ _ _ _ _ _ _ _ _ _ _ _ _ _ _ _ _ _ _ _ _ _ _\n\nself = <selenium.webdriver.support.wait.WebDriverWait (session=\"8bffdd767bfe210d47bd4fe6d84ccdcc\")>\nmethod = <selenium.webdriver.support.expected_conditions.presence_of_element_located object at 0x7f4baca877c0>, message = ''\n\n    def until(self, method, message=''):\n        \"\"\"Calls the method provided with the driver as an argument until the \\\n        return value is not False.\"\"\"\n        screen = None\n        stacktrace = None\n    \n        end_time = time.time() + self._timeout\n        while True:\n            try:\n                value = method(self._driver)\n                if value:\n                    return value\n            except self._ignored_exceptions as exc:\n                screen = getattr(exc, 'screen', None)\n                stacktrace = getattr(exc, 'stacktrace', None)\n            time.sleep(self._poll)\n            if time.time() > end_time:\n                break\n>       raise TimeoutException(message, screen, stacktrace)\nE       selenium.common.exceptions.TimeoutException: Message:\n\n../../../.local/lib/python3.8/site-packages/selenium/webdriver/support/wait.py:80: TimeoutException"}, "start": 1629201963644, "stop": 1629201974119, "uuid": "2c3b3ea9-48e1-4ec7-b636-1c75c79ccd08", "historyId": "d0d10b7c1dcdbc7e03c15399d3df8d3f", "testCaseId": "33b0966e22a460f9de59c2b47fc6add2", "fullName": "testCases.test_login.Test001Login#test_moderation", "labels": [{"name": "parentSuite", "value": "testCases"}, {"name": "suite", "value": "test_login"}, {"name": "subSuite", "value": "Test001Login"}, {"name": "host", "value": "bipin-Nitro-AN515-54"}, {"name": "thread", "value": "74294-MainThread"}, {"name": "framework", "value": "pytest"}, {"name": "language", "value": "cpython3"}, {"name": "package", "value": "testCases.test_login"}]}