{"name": "test_edit_project_financing", "status": "broken", "statusDetails": {"message": "selenium.common.exceptions.TimeoutException: Message:", "trace": "self = <test_login.Test001Login object at 0x7fc03784a220>\nsetup = <selenium.webdriver.chrome.webdriver.WebDriver (session=\"73e5ac943057732692e1f293b3dc2bb5\")>\n\n    def test_edit_project_financing(self,setup):\n        pf=ProjectFinancing(setup)\n        time.sleep(1)\n>       pf.set_financing_structure(\"50\",\"20\",\"50\",\"10\",\"50\")\n\ntestCases/test_login.py:208: \n_ _ _ _ _ _ _ _ _ _ _ _ _ _ _ _ _ _ _ _ _ _ _ _ _ _ _ _ _ _ _ _ _ _ _ _ _ _ _ _ _ _ _ _ _ _ _ _ _ _ _ _ _ _ _ _ _ _ _ _ _ _ _ _ _ _ _ _ _ _ _ _ _\npageObjects/ProjectDetailsForm/ProjectFinancing.py:71: in set_financing_structure\n    utils.write_using_xpath(self.driver,self.input_government_share_xpath,share_percent)\nUtils/ComplexElement.py:23: in write_using_xpath\n    element = explicit_wait_present(driver,locator)\nUtils/ComplexElement.py:14: in explicit_wait_present\n    element = wait.until(EC.presence_of_element_located((By.XPATH,locator)))\n_ _ _ _ _ _ _ _ _ _ _ _ _ _ _ _ _ _ _ _ _ _ _ _ _ _ _ _ _ _ _ _ _ _ _ _ _ _ _ _ _ _ _ _ _ _ _ _ _ _ _ _ _ _ _ _ _ _ _ _ _ _ _ _ _ _ _ _ _ _ _ _ _\n\nself = <selenium.webdriver.support.wait.WebDriverWait (session=\"73e5ac943057732692e1f293b3dc2bb5\")>\nmethod = <selenium.webdriver.support.expected_conditions.presence_of_element_located object at 0x7fc03784acd0>, message = ''\n\n    def until(self, method, message=''):\n        \"\"\"Calls the method provided with the driver as an argument until the \\\n        return value is not False.\"\"\"\n        screen = None\n        stacktrace = None\n    \n        end_time = time.time() + self._timeout\n        while True:\n            try:\n                value = method(self._driver)\n                if value:\n                    return value\n            except self._ignored_exceptions as exc:\n                screen = getattr(exc, 'screen', None)\n                stacktrace = getattr(exc, 'stacktrace', None)\n            time.sleep(self._poll)\n            if time.time() > end_time:\n                break\n>       raise TimeoutException(message, screen, stacktrace)\nE       selenium.common.exceptions.TimeoutException: Message:\n\n../../../.local/lib/python3.8/site-packages/selenium/webdriver/support/wait.py:80: TimeoutException"}, "start": 1629202525946, "stop": 1629202537092, "uuid": "30d78940-d2af-4185-80ac-9cfaacc955f5", "historyId": "92794a886c089d62b982a68a0b048aee", "testCaseId": "91868607a43e222e855572a69a321675", "fullName": "testCases.test_login.Test001Login#test_edit_project_financing", "labels": [{"name": "parentSuite", "value": "testCases"}, {"name": "suite", "value": "test_login"}, {"name": "subSuite", "value": "Test001Login"}, {"name": "host", "value": "bipin-Nitro-AN515-54"}, {"name": "thread", "value": "77342-MainThread"}, {"name": "framework", "value": "pytest"}, {"name": "language", "value": "cpython3"}, {"name": "package", "value": "testCases.test_login"}]}