{"name": "test_edit_general_information", "status": "broken", "statusDetails": {"message": "selenium.common.exceptions.TimeoutException: Message:", "trace": "self = <test_login.Test001Login object at 0x7f0d14f412e0>\nsetup = <selenium.webdriver.chrome.webdriver.WebDriver (session=\"4e358146e7bd246a55c6d0ceb1f86132\")>\n\n    @pytest.mark.dependency(depends=[\"test_new_project_creation\"])\n    def test_edit_general_information(self,setup):\n        self.driver = setup\n>       gb = GeneralInfo(self.driver)\n\ntestCases/test_login.py:99: \n_ _ _ _ _ _ _ _ _ _ _ _ _ _ _ _ _ _ _ _ _ _ _ _ _ _ _ _ _ _ _ _ _ _ _ _ _ _ _ _ _ _ _ _ _ _ _ _ _ _ _ _ _ _ _ _ _ _ _ _ _ _ _ _ _ _ _ _ _ _\npageObjects/ProjectDetailsForm/GeneralInfo.py:24: in __init__\n    self.goto()\npageObjects/ProjectDetailsForm/GeneralInfo.py:27: in goto\n    link = utils.explicit_wait_present(self.driver,self.general_info_xpath)\nUtils/ComplexElement.py:14: in explicit_wait_present\n    element = wait.until(EC.presence_of_element_located((By.XPATH,locator)))\n_ _ _ _ _ _ _ _ _ _ _ _ _ _ _ _ _ _ _ _ _ _ _ _ _ _ _ _ _ _ _ _ _ _ _ _ _ _ _ _ _ _ _ _ _ _ _ _ _ _ _ _ _ _ _ _ _ _ _ _ _ _ _ _ _ _ _ _ _ _\n\nself = <selenium.webdriver.support.wait.WebDriverWait (session=\"4e358146e7bd246a55c6d0ceb1f86132\")>\nmethod = <selenium.webdriver.support.expected_conditions.presence_of_element_located object at 0x7f0d14f41190>, message = ''\n\n    def until(self, method, message=''):\n        \"\"\"Calls the method provided with the driver as an argument until the \\\n        return value is not False.\"\"\"\n        screen = None\n        stacktrace = None\n    \n        end_time = time.time() + self._timeout\n        while True:\n            try:\n                value = method(self._driver)\n                if value:\n                    return value\n            except self._ignored_exceptions as exc:\n                screen = getattr(exc, 'screen', None)\n                stacktrace = getattr(exc, 'stacktrace', None)\n            time.sleep(self._poll)\n            if time.time() > end_time:\n                break\n>       raise TimeoutException(message, screen, stacktrace)\nE       selenium.common.exceptions.TimeoutException: Message:\n\n../../../.local/lib/python3.8/site-packages/selenium/webdriver/support/wait.py:80: TimeoutException"}, "start": 1629345247318, "stop": 1629345257706, "uuid": "1abbaeb0-bf47-46b6-b9db-85e0715413d1", "historyId": "2a3c845c0c03891894f72d451a907107", "testCaseId": "93a7d1ad17ebbf608b1750e7928ccb04", "fullName": "testCases.test_login.Test001Login#test_edit_general_information", "labels": [{"name": "tag", "value": "dependency(depends=['test_new_project_creation'])"}, {"name": "parentSuite", "value": "testCases"}, {"name": "suite", "value": "test_login"}, {"name": "subSuite", "value": "Test001Login"}, {"name": "host", "value": "bipin-Nitro-AN515-54"}, {"name": "thread", "value": "26188-MainThread"}, {"name": "framework", "value": "pytest"}, {"name": "language", "value": "cpython3"}, {"name": "package", "value": "testCases.test_login"}]}