{"name": "test_edit_project_modality", "status": "broken", "statusDetails": {"message": "selenium.common.exceptions.TimeoutException: Message:", "trace": "self = <test_login.Test001Login object at 0x7f4bac91a0d0>\nsetup = <selenium.webdriver.chrome.webdriver.WebDriver (session=\"8bffdd767bfe210d47bd4fe6d84ccdcc\")>\n\n    def test_edit_project_modality(self,setup):\n        pm = ProjectModality(setup)\n        time.sleep(1)\n>       pm.set_modality(\"PPP\")\n\ntestCases/test_login.py:201: \n_ _ _ _ _ _ _ _ _ _ _ _ _ _ _ _ _ _ _ _ _ _ _ _ _ _ _ _ _ _ _ _ _ _ _ _ _ _ _ _ _ _ _ _ _ _ _ _ _ _ _ _ _ _ _ _ _ _ _ _ _ _ _ _ _ _ _ _ _ _ _ _ _\npageObjects/ProjectDetailsForm/ProjectModality.py:39: in set_modality\n    utils.handle_dropdown(self.driver,self.dropdown_project_modality_xpath,self.options_project_modality_xpath,value)\nUtils/ComplexElement.py:43: in handle_dropdown\n    drop = explicit_wait_present(driver,drop_down_xpath)\nUtils/ComplexElement.py:14: in explicit_wait_present\n    element = wait.until(EC.presence_of_element_located((By.XPATH,locator)))\n_ _ _ _ _ _ _ _ _ _ _ _ _ _ _ _ _ _ _ _ _ _ _ _ _ _ _ _ _ _ _ _ _ _ _ _ _ _ _ _ _ _ _ _ _ _ _ _ _ _ _ _ _ _ _ _ _ _ _ _ _ _ _ _ _ _ _ _ _ _ _ _ _\n\nself = <selenium.webdriver.support.wait.WebDriverWait (session=\"8bffdd767bfe210d47bd4fe6d84ccdcc\")>\nmethod = <selenium.webdriver.support.expected_conditions.presence_of_element_located object at 0x7f4bac91a520>, message = ''\n\n    def until(self, method, message=''):\n        \"\"\"Calls the method provided with the driver as an argument until the \\\n        return value is not False.\"\"\"\n        screen = None\n        stacktrace = None\n    \n        end_time = time.time() + self._timeout\n        while True:\n            try:\n                value = method(self._driver)\n                if value:\n                    return value\n            except self._ignored_exceptions as exc:\n                screen = getattr(exc, 'screen', None)\n                stacktrace = getattr(exc, 'stacktrace', None)\n            time.sleep(self._poll)\n            if time.time() > end_time:\n                break\n>       raise TimeoutException(message, screen, stacktrace)\nE       selenium.common.exceptions.TimeoutException: Message:\n\n../../../.local/lib/python3.8/site-packages/selenium/webdriver/support/wait.py:80: TimeoutException"}, "start": 1629201894996, "stop": 1629201906149, "uuid": "691093f5-07de-4d57-910c-6cfde16e4c9d", "historyId": "8fabbf5e01dfaf6ee08b5b0267519c1c", "testCaseId": "c740460a10597b3554bcd01bbea1d734", "fullName": "testCases.test_login.Test001Login#test_edit_project_modality", "labels": [{"name": "parentSuite", "value": "testCases"}, {"name": "suite", "value": "test_login"}, {"name": "subSuite", "value": "Test001Login"}, {"name": "host", "value": "bipin-Nitro-AN515-54"}, {"name": "thread", "value": "74294-MainThread"}, {"name": "framework", "value": "pytest"}, {"name": "language", "value": "cpython3"}, {"name": "package", "value": "testCases.test_login"}]}