{"name": "test_new_project_creation", "status": "failed", "statusDetails": {"message": "AssertionError: assert False", "trace": "self = <test_login.Test001Login object at 0x7f0777e8e9a0>\nsetup = <selenium.webdriver.chrome.webdriver.WebDriver (session=\"5d7821c54c95ad3f8511ec8718cb19a5\")>\n\n    def test_new_project_creation(self,setup):\n        self.driver = setup\n        dasb = Dashboard (self.driver)\n        dasb.click_add_new_project()\n        newform = NewProjectForm(self.driver)\n        newform.set_ministry_name(\"1\")\n        newform.is_part_of_program(False)\n        newform.is_subproject(False)\n        newform.set_project_details(\"five\",\"1254\")\n        newform.is_project_new(False)\n        newform.select_project_theme('i')\n        newform.click_save()\n        try:\n>           utils.explicit_wait_present(setup,\"//*[text()[contains(.,'Congratulations')]]\")\n\ntestCases/test_login.py:77: \n_ _ _ _ _ _ _ _ _ _ _ _ _ _ _ _ _ _ _ _ _ _ _ _ _ _ _ _ _ _ _ _ _ _ _ _ _ _ _ _ _ _ _ _ _ _ _ _ _ _ _ _ _ _ _ _ _ _ _ _ _ _ _ _ _ _ _ _ _ _\n\ndriver = <selenium.webdriver.chrome.webdriver.WebDriver (session=\"5d7821c54c95ad3f8511ec8718cb19a5\")>\nlocator = \"//*[text()[contains(.,'Congratulations')]]\"\n\n    def explicit_wait_present(driver,locator):\n        wait = WebDriverWait(driver,10)\n>       element = wait.until(EC.presence_of_element_located((By.XPATH,locator)))\n\nUtils/ComplexElement.py:14: \n_ _ _ _ _ _ _ _ _ _ _ _ _ _ _ _ _ _ _ _ _ _ _ _ _ _ _ _ _ _ _ _ _ _ _ _ _ _ _ _ _ _ _ _ _ _ _ _ _ _ _ _ _ _ _ _ _ _ _ _ _ _ _ _ _ _ _ _ _ _\n\nself = <selenium.webdriver.support.wait.WebDriverWait (session=\"5d7821c54c95ad3f8511ec8718cb19a5\")>\nmethod = <selenium.webdriver.support.expected_conditions.presence_of_element_located object at 0x7f0777e8edc0>, message = ''\n\n    def until(self, method, message=''):\n        \"\"\"Calls the method provided with the driver as an argument until the \\\n        return value is not False.\"\"\"\n        screen = None\n        stacktrace = None\n    \n        end_time = time.time() + self._timeout\n        while True:\n            try:\n                value = method(self._driver)\n                if value:\n                    return value\n            except self._ignored_exceptions as exc:\n                screen = getattr(exc, 'screen', None)\n                stacktrace = getattr(exc, 'stacktrace', None)\n            time.sleep(self._poll)\n            if time.time() > end_time:\n                break\n>       raise TimeoutException(message, screen, stacktrace)\nE       selenium.common.exceptions.TimeoutException: Message:\n\n../../../.local/lib/python3.8/site-packages/selenium/webdriver/support/wait.py:80: TimeoutException\n\nDuring handling of the above exception, another exception occurred:\n\nself = <test_login.Test001Login object at 0x7f0777e8e9a0>\nsetup = <selenium.webdriver.chrome.webdriver.WebDriver (session=\"5d7821c54c95ad3f8511ec8718cb19a5\")>\n\n    def test_new_project_creation(self,setup):\n        self.driver = setup\n        dasb = Dashboard (self.driver)\n        dasb.click_add_new_project()\n        newform = NewProjectForm(self.driver)\n        newform.set_ministry_name(\"1\")\n        newform.is_part_of_program(False)\n        newform.is_subproject(False)\n        newform.set_project_details(\"five\",\"1254\")\n        newform.is_project_new(False)\n        newform.select_project_theme('i')\n        newform.click_save()\n        try:\n            utils.explicit_wait_present(setup,\"//*[text()[contains(.,'Congratulations')]]\")\n            self.log.info(\"Project creation was sucessfull\")\n        except:\n            self.log.info(\"Could not create a project \")\n>           assert False\nE           assert False\n\ntestCases/test_login.py:81: AssertionError"}, "attachments": [{"name": "log", "source": "b0ac05a9-3010-4593-9e23-e2f3745ad835-attachment.txt", "type": "text/plain"}], "start": 1629344790143, "stop": 1629344803207, "uuid": "4ecfadaa-ba89-44b6-9632-1ed614f2b882", "historyId": "5714577602d6aa04bcd8b2a8be93fda9", "testCaseId": "db36f87b8e12f9f6384dc7bdafd44099", "fullName": "testCases.test_login.Test001Login#test_new_project_creation", "labels": [{"name": "parentSuite", "value": "testCases"}, {"name": "suite", "value": "test_login"}, {"name": "subSuite", "value": "Test001Login"}, {"name": "host", "value": "bipin-Nitro-AN515-54"}, {"name": "thread", "value": "24140-MainThread"}, {"name": "framework", "value": "pytest"}, {"name": "language", "value": "cpython3"}, {"name": "package", "value": "testCases.test_login"}]}