{"name": "test_edit_project_priotization", "status": "broken", "statusDetails": {"message": "selenium.common.exceptions.TimeoutException: Message:", "trace": "self = <test_login.Test001Login object at 0x7fae802f8eb0>\nsetup = <selenium.webdriver.chrome.webdriver.WebDriver (session=\"b7220ec14d01c1c54f523079fe0e1d69\")>\n\n    def test_edit_project_priotization(self,setup):\n        pp = ProjectPriotization(setup)\n>       pp.set_economic_growth(\"2\")\n\ntestCases/test_login.py:183: \n_ _ _ _ _ _ _ _ _ _ _ _ _ _ _ _ _ _ _ _ _ _ _ _ _ _ _ _ _ _ _ _ _ _ _ _ _ _ _ _ _ _ _ _ _ _ _ _ _ _ _ _ _ _ _ _ _ _ _ _ _ _ _ _ _ _ _ _ _ _ _ _ _\npageObjects/ProjectDetailsForm/ProjectPriotization.py:24: in set_economic_growth\n    utils.explicit_wait_clickable(self.driver,self.radio_econmic_growth_xpath)\nUtils/ComplexElement.py:17: in explicit_wait_clickable\n    element = wait.until(EC.element_to_be_clickable((By.XPATH,locator)))\n_ _ _ _ _ _ _ _ _ _ _ _ _ _ _ _ _ _ _ _ _ _ _ _ _ _ _ _ _ _ _ _ _ _ _ _ _ _ _ _ _ _ _ _ _ _ _ _ _ _ _ _ _ _ _ _ _ _ _ _ _ _ _ _ _ _ _ _ _ _ _ _ _\n\nself = <selenium.webdriver.support.wait.WebDriverWait (session=\"b7220ec14d01c1c54f523079fe0e1d69\")>\nmethod = <selenium.webdriver.support.expected_conditions.element_to_be_clickable object at 0x7fae802f87c0>, message = ''\n\n    def until(self, method, message=''):\n        \"\"\"Calls the method provided with the driver as an argument until the \\\n        return value is not False.\"\"\"\n        screen = None\n        stacktrace = None\n    \n        end_time = time.time() + self._timeout\n        while True:\n            try:\n                value = method(self._driver)\n                if value:\n                    return value\n            except self._ignored_exceptions as exc:\n                screen = getattr(exc, 'screen', None)\n                stacktrace = getattr(exc, 'stacktrace', None)\n            time.sleep(self._poll)\n            if time.time() > end_time:\n                break\n>       raise TimeoutException(message, screen, stacktrace)\nE       selenium.common.exceptions.TimeoutException: Message:\n\n../../../.local/lib/python3.8/site-packages/selenium/webdriver/support/wait.py:80: TimeoutException"}, "start": 1628836627464, "stop": 1628836638689, "uuid": "fc5b4cd5-b42e-478c-98e4-ea383ce8fc73", "historyId": "102b440cc6aed18186530366d53815c5", "testCaseId": "e28c23f9ad9089df540f6ca960d2cad1", "fullName": "testCases.test_login.Test001Login#test_edit_project_priotization", "labels": [{"name": "parentSuite", "value": "testCases"}, {"name": "suite", "value": "test_login"}, {"name": "subSuite", "value": "Test001Login"}, {"name": "host", "value": "bipin-Nitro-AN515-54"}, {"name": "thread", "value": "26875-MainThread"}, {"name": "framework", "value": "pytest"}, {"name": "language", "value": "cpython3"}, {"name": "package", "value": "testCases.test_login"}]}