{"name": "test_edit_project_selection", "status": "broken", "statusDetails": {"message": "selenium.common.exceptions.TimeoutException: Message:", "trace": "self = <test_login.Test001Login object at 0x7fe795987fd0>\nsetup = <selenium.webdriver.chrome.webdriver.WebDriver (session=\"790edb15d27fa7f8360f503017f10010\")>\n\n    def test_edit_project_selection(self,setup):\n        ps = ProjectSelection(setup)\n        time.sleep(2)\n        ps.set_brief_description(\"this is brief\",\"/home/bipin/Downloads/sample.pdf\")\n>       ps.is_part_of_master_plan(\"yes\")\n\ntestCases/test_login.py:167: \n_ _ _ _ _ _ _ _ _ _ _ _ _ _ _ _ _ _ _ _ _ _ _ _ _ _ _ _ _ _ _ _ _ _ _ _ _ _ _ _ _ _ _ _ _ _ _ _ _ _ _ _ _ _ _ _ _ _ _ _ _ _ _ _ _ _ _ _ _ _ _ _ _\npageObjects/ProjectDetailsForm/ProjectSelection.py:80: in is_part_of_master_plan\n    utils.js_click(self.driver,self.radio_is_part_of_master_plan)\nUtils/ComplexElement.py:27: in js_click\n    button = explicit_wait_clickable(setup,locator)\nUtils/ComplexElement.py:17: in explicit_wait_clickable\n    element = wait.until(EC.element_to_be_clickable((By.XPATH,locator)))\n_ _ _ _ _ _ _ _ _ _ _ _ _ _ _ _ _ _ _ _ _ _ _ _ _ _ _ _ _ _ _ _ _ _ _ _ _ _ _ _ _ _ _ _ _ _ _ _ _ _ _ _ _ _ _ _ _ _ _ _ _ _ _ _ _ _ _ _ _ _ _ _ _\n\nself = <selenium.webdriver.support.wait.WebDriverWait (session=\"790edb15d27fa7f8360f503017f10010\")>\nmethod = <selenium.webdriver.support.expected_conditions.element_to_be_clickable object at 0x7fe795a459a0>, message = ''\n\n    def until(self, method, message=''):\n        \"\"\"Calls the method provided with the driver as an argument until the \\\n        return value is not False.\"\"\"\n        screen = None\n        stacktrace = None\n    \n        end_time = time.time() + self._timeout\n        while True:\n            try:\n                value = method(self._driver)\n                if value:\n                    return value\n            except self._ignored_exceptions as exc:\n                screen = getattr(exc, 'screen', None)\n                stacktrace = getattr(exc, 'stacktrace', None)\n            time.sleep(self._poll)\n            if time.time() > end_time:\n                break\n>       raise TimeoutException(message, screen, stacktrace)\nE       selenium.common.exceptions.TimeoutException: Message:\n\n../../../.local/lib/python3.8/site-packages/selenium/webdriver/support/wait.py:80: TimeoutException"}, "start": 1628751763794, "stop": 1628751778113, "uuid": "42c1c40a-2e51-4dea-9ef1-45a40017cf82", "historyId": "349db4be1e361aae5c95d35a123d3b42", "testCaseId": "69855705250fd45d82ab4b05e87ddd22", "fullName": "testCases.test_login.Test001Login#test_edit_project_selection", "labels": [{"name": "parentSuite", "value": "testCases"}, {"name": "suite", "value": "test_login"}, {"name": "subSuite", "value": "Test001Login"}, {"name": "host", "value": "bipin-Nitro-AN515-54"}, {"name": "thread", "value": "31689-MainThread"}, {"name": "framework", "value": "pytest"}, {"name": "language", "value": "cpython3"}, {"name": "package", "value": "testCases.test_login"}]}