{"name": "test_edit_phy_finan_progress", "status": "broken", "statusDetails": {"message": "selenium.common.exceptions.TimeoutException: Message:", "trace": "self = <test_login.Test001Login object at 0x7fedd26641f0>\nsetup = <selenium.webdriver.chrome.webdriver.WebDriver (session=\"b2083aac8280b691dc290ace13892460\")>\n\n    def test_edit_phy_finan_progress(self,setup):\n        self.driver =  setup\n        pfp = PhysicalProgress(self.driver)\n        time.sleep(1)\n>       pfp.set_financial_progress(\"50\")\n\ntestCases/test_login.py:118: \n_ _ _ _ _ _ _ _ _ _ _ _ _ _ _ _ _ _ _ _ _ _ _ _ _ _ _ _ _ _ _ _ _ _ _ _ _ _ _ _ _ _ _ _ _ _ _ _ _ _ _ _ _ _ _ _ _ _ _ _ _ _ _ _ _ _ _ _ _ _ _ _ _\npageObjects/ProjectDetailsForm/PhysicalProgress.py:71: in set_financial_progress\n    util.write_using_xpath(self.driver,self.input_financial_progress_percentage_xpath,percent)\nUtils/ComplexElement.py:23: in write_using_xpath\n    element = explicit_wait_present(driver,locator)\nUtils/ComplexElement.py:14: in explicit_wait_present\n    element = wait.until(EC.presence_of_element_located((By.XPATH,locator)))\n_ _ _ _ _ _ _ _ _ _ _ _ _ _ _ _ _ _ _ _ _ _ _ _ _ _ _ _ _ _ _ _ _ _ _ _ _ _ _ _ _ _ _ _ _ _ _ _ _ _ _ _ _ _ _ _ _ _ _ _ _ _ _ _ _ _ _ _ _ _ _ _ _\n\nself = <selenium.webdriver.support.wait.WebDriverWait (session=\"b2083aac8280b691dc290ace13892460\")>\nmethod = <selenium.webdriver.support.expected_conditions.presence_of_element_located object at 0x7fedd2664970>, message = ''\n\n    def until(self, method, message=''):\n        \"\"\"Calls the method provided with the driver as an argument until the \\\n        return value is not False.\"\"\"\n        screen = None\n        stacktrace = None\n    \n        end_time = time.time() + self._timeout\n        while True:\n            try:\n                value = method(self._driver)\n                if value:\n                    return value\n            except self._ignored_exceptions as exc:\n                screen = getattr(exc, 'screen', None)\n                stacktrace = getattr(exc, 'stacktrace', None)\n            time.sleep(self._poll)\n            if time.time() > end_time:\n                break\n>       raise TimeoutException(message, screen, stacktrace)\nE       selenium.common.exceptions.TimeoutException: Message:\n\n../../../.local/lib/python3.8/site-packages/selenium/webdriver/support/wait.py:80: TimeoutException"}, "start": 1629270040539, "stop": 1629270051711, "uuid": "01e983cf-98b8-40bd-859c-ea3e5ac85275", "historyId": "cf743d754395d1ec0c5620f6fd7b5c70", "testCaseId": "0d4ae7959720dc927df9ba2cc960263c", "fullName": "testCases.test_login.Test001Login#test_edit_phy_finan_progress", "labels": [{"name": "parentSuite", "value": "testCases"}, {"name": "suite", "value": "test_login"}, {"name": "subSuite", "value": "Test001Login"}, {"name": "host", "value": "bipin-Nitro-AN515-54"}, {"name": "thread", "value": "60332-MainThread"}, {"name": "framework", "value": "pytest"}, {"name": "language", "value": "cpython3"}, {"name": "package", "value": "testCases.test_login"}]}